<?xml version="1.0" encoding="UTF-8"?>
<!-- Generated by org.testng.reporters.JUnitXMLReporter -->
<testsuite hostname="DESKTOP-QUK0TPO" ignored="0" name="Test-01" tests="6" failures="0" timestamp="2023-01-10T22:46:36 IST" time="21.429" errors="0">
  <testcase name="launchBrowser" time="0.015" classname="practice_package.ClassTestBatchParrel"/>
  <testcase name="openBrowser" time="7.477" classname="practice_package.ClassTestBatchParrel"/>
  <testcase name="Test01" time="3.157" classname="practice_package.ClassTestPrrlBatch"/>
  <testcase name="Test02" time="0.002" classname="practice_package.ClassTestPrrlBatch"/>
  <testcase name="Test03" time="10.736" classname="practice_package.ClassTestPrrlBatch"/>
  <testcase name="Test04" time="0.0" classname="practice_package.ClassTestPrrlBatch"/>
</testsuite> <!-- Test-01 -->
