<?xml version="1.0" encoding="UTF-8"?>
<!-- Generated by org.testng.reporters.JUnitXMLReporter -->
<testsuite hostname="DESKTOP-QUK0TPO" ignored="0" name="Test-02" tests="7" failures="0" timestamp="2023-01-10T22:46:22 IST" time="7.642" errors="0">
  <testcase name="addToCart" time="0.015" classname="practice_package.ClassTestBatchPrll"/>
  <testcase name="closeBrowser" time="0.0" classname="practice_package.ClassTestBatchPrll"/>
  <testcase name="launchBrowser" time="0.016" classname="practice_package.ClassTestBatchPrll"/>
  <testcase name="logOut" time="0.0" classname="practice_package.ClassTestBatchPrll"/>
  <testcase name="login" time="0.0" classname="practice_package.ClassTestBatchPrll"/>
  <testcase name="openBrowser" time="7.571" classname="practice_package.ClassTestBatchPrll"/>
  <testcase name="searchProduct" time="0.002" classname="practice_package.ClassTestBatchPrll"/>
</testsuite> <!-- Test-02 -->
