<?xml version="1.0" encoding="UTF-8"?>
<!-- Generated by org.testng.reporters.JUnitReportReporter -->
<testsuite skipped="0" hostname="DESKTOP-QUK0TPO" name="practice_package.TestNGParamas" tests="3" failures="0" timestamp="2023-01-16T04:18:16 IST" time="0.011" errors="0">
  <testcase name="t1_searchProduct" time="0.009" classname="practice_package.TestNGParamas"/>
  <system-out/>
  <testcase name="t3_addToCart" time="0.001" classname="practice_package.TestNGParamas"/>
  <system-out/>
  <testcase name="t2_addToWishList" time="0.001" classname="practice_package.TestNGParamas"/>
  <system-out/>
</testsuite> <!-- practice_package.TestNGParamas -->
