<?xml version="1.0" encoding="UTF-8"?>
<!-- Generated by org.testng.reporters.JUnitReportReporter -->
<testsuite skipped="1" hostname="DESKTOP-QUK0TPO" name="practice_package.Testngpriority" tests="7" failures="0" timestamp="2023-01-07T12:28:19 IST" time="0.019" errors="0">
  <testcase name="launchBrowser" time="0.012" classname="practice_package.Testngpriority"/>
  <system-out>
    <![CDATA[LaunchBrowser]]>
  </system-out>
  <testcase name="openBrowser" time="0.001" classname="practice_package.Testngpriority"/>
  <system-out>
    <![CDATA[OpenBrowser]]>
  </system-out>
  <testcase name="login" time="0.002" classname="practice_package.Testngpriority"/>
  <system-out>
    <![CDATA[Login]]>
  </system-out>
  <testcase name="searchProduct" time="0.002" classname="practice_package.Testngpriority"/>
  <system-out>
    <![CDATA[SearchProduct]]>
  </system-out>
  <testcase name="addToCart" time="0.001" classname="practice_package.Testngpriority"/>
  <system-out>
    <![CDATA[AddToCart]]>
  </system-out>
  <testcase name="logOut" time="0.001" classname="practice_package.Testngpriority"/>
  <system-out>
    <![CDATA[Logout]]>
  </system-out>
  <testcase name="closeBrowser" classname="practice_package.Testngpriority">
    <skipped/>
  </testcase> <!-- closeBrowser -->
  <system-out/>
</testsuite> <!-- practice_package.Testngpriority -->
