<?xml version="1.0" encoding="UTF-8"?>
<!-- Generated by org.testng.reporters.JUnitReportReporter -->
<testsuite skipped="0" hostname="DESKTOP-QUK0TPO" name="practice_package.TestngPrac" tests="3" failures="0" timestamp="2023-01-06T15:03:50 IST" time="0.034" errors="0">
  <testcase name="delete" time="0.004" classname="practice_package.TestngPrac"/>
  <system-out/>
  <testcase name="create" time="0.027" classname="practice_package.TestngPrac"/>
  <system-out/>
  <testcase name="update" time="0.003" classname="practice_package.TestngPrac"/>
  <system-out/>
</testsuite> <!-- practice_package.TestngPrac -->
