<?xml version="1.0" encoding="UTF-8"?>
<!-- Generated by org.testng.reporters.JUnitReportReporter -->
<testsuite skipped="0" hostname="DESKTOP-QUK0TPO" name="practice_package.AnnotationByMadam" tests="1" failures="0" timestamp="2023-01-09T14:17:00 IST" time="0.006" errors="0">
  <testcase name="testScript" time="0.006" classname="practice_package.AnnotationByMadam"/>
  <system-out>
    <![CDATA[Run your TestScript]]>
  </system-out>
</testsuite> <!-- practice_package.AnnotationByMadam -->
