<?xml version="1.0" encoding="UTF-8"?>
<!-- Generated by org.testng.reporters.JUnitReportReporter -->
<testsuite skipped="0" hostname="DESKTOP-QUK0TPO" name="practice_package.ClassTest" tests="3" failures="0" timestamp="2023-01-09T10:46:52 IST" time="0.010" errors="0">
  <testcase name="sum" time="0.001" classname="practice_package.ClassTest"/>
  <system-out/>
  <testcase name="sum" time="0.001" classname="practice_package.ClassTest"/>
  <system-out/>
  <testcase name="sum" time="0.008" classname="practice_package.ClassTest"/>
  <system-out/>
</testsuite> <!-- practice_package.ClassTest -->
