<?xml version="1.0" encoding="UTF-8"?>
<!-- Generated by org.testng.reporters.JUnitReportReporter -->
<testsuite hostname="DESKTOP-QUK0TPO" failures="0" tests="3" name="practice_package.ClassTestBatchParrel" time="0.009" errors="0" timestamp="2023-01-17T07:44:56 IST" skipped="0">
  <testcase classname="practice_package.ClassTestBatchParrel" name="loseBrowser" time="0.007"/>
  <system-out>
    <![CDATA[loseBrowser]]>
  </system-out>
  <testcase classname="practice_package.ClassTestBatchParrel" name="launchBrowser" time="0.001"/>
  <system-out>
    <![CDATA[LaunchBrowser]]>
  </system-out>
  <testcase classname="practice_package.ClassTestBatchParrel" name="closeBrowser" time="0.001"/>
  <system-out>
    <![CDATA[CloseBrowser]]>
  </system-out>
</testsuite> <!-- practice_package.ClassTestBatchParrel -->
