<?xml version="1.0" encoding="UTF-8"?>
<!-- Generated by org.testng.reporters.JUnitReportReporter -->
<testsuite skipped="0" hostname="DESKTOP-QUK0TPO" name="practice_package.DataProviderExcelBytMadam" tests="13" failures="0" timestamp="2023-01-15T15:43:49 IST" time="0.000" errors="0">
  <testcase name="readData" time="0.000" classname="practice_package.DataProviderExcelBytMadam"/>
  <system-out/>
  <testcase name="readData" time="0.000" classname="practice_package.DataProviderExcelBytMadam"/>
  <system-out/>
  <testcase name="readData" time="0.000" classname="practice_package.DataProviderExcelBytMadam"/>
  <system-out/>
  <testcase name="readData" time="0.000" classname="practice_package.DataProviderExcelBytMadam"/>
  <system-out/>
  <testcase name="readData" time="0.000" classname="practice_package.DataProviderExcelBytMadam"/>
  <system-out/>
  <testcase name="readData" time="0.000" classname="practice_package.DataProviderExcelBytMadam"/>
  <system-out/>
  <testcase name="readData" time="0.000" classname="practice_package.DataProviderExcelBytMadam"/>
  <system-out/>
  <testcase name="readData" time="0.000" classname="practice_package.DataProviderExcelBytMadam"/>
  <system-out/>
  <testcase name="readData" time="0.000" classname="practice_package.DataProviderExcelBytMadam"/>
  <system-out/>
  <testcase name="readData" time="0.000" classname="practice_package.DataProviderExcelBytMadam"/>
  <system-out/>
  <testcase name="readData" time="0.000" classname="practice_package.DataProviderExcelBytMadam"/>
  <system-out/>
  <testcase name="readData" time="0.000" classname="practice_package.DataProviderExcelBytMadam"/>
  <system-out/>
  <testcase name="readData" time="0.000" classname="practice_package.DataProviderExcelBytMadam"/>
  <system-out/>
</testsuite> <!-- practice_package.DataProviderExcelBytMadam -->
