<?xml version="1.0" encoding="UTF-8"?>
<!-- Generated by org.testng.reporters.JUnitReportReporter -->
<testsuite skipped="0" hostname="DESKTOP-QUK0TPO" name="practice_package.Test01Param" tests="7" failures="0" timestamp="2023-01-07T22:50:59 IST" time="0.013" errors="0">
  <testcase name="sumOfData" time="0.001" classname="practice_package.Test01Param"/>
  <system-out/>
  <testcase name="testData" time="0.000" classname="practice_package.Test01Param"/>
  <system-out/>
  <testcase name="sumOfData" time="0.008" classname="practice_package.Test01Param"/>
  <system-out/>
  <testcase name="testData" time="0.001" classname="practice_package.Test01Param"/>
  <system-out/>
  <testcase name="testData" time="0.001" classname="practice_package.Test01Param"/>
  <system-out/>
  <testcase name="testData" time="0.000" classname="practice_package.Test01Param"/>
  <system-out/>
  <testcase name="sumOfData" time="0.002" classname="practice_package.Test01Param"/>
  <system-out/>
</testsuite> <!-- practice_package.Test01Param -->
