<?xml version="1.0" encoding="UTF-8"?>
<!-- Generated by org.testng.reporters.JUnitReportReporter -->
<testsuite skipped="0" hostname="DESKTOP-QUK0TPO" name="com.Zoo_view.Normal_TicketTest" tests="1" failures="0" timestamp="2023-01-10T11:17:42 IST" time="4.938" errors="0">
  <testcase name="nor_Tic" time="4.938" classname="com.Zoo_view.Normal_TicketTest"/>
  <system-out/>
</testsuite> <!-- com.Zoo_view.Normal_TicketTest -->
