<?xml version="1.0" encoding="UTF-8"?>
<!-- Generated by org.testng.reporters.JUnitReportReporter -->
<testsuite skipped="0" hostname="DESKTOP-QUK0TPO" name="practice_package.DataProviderPrac" tests="6" failures="0" timestamp="2023-01-07T22:30:39 IST" time="0.016" errors="0">
  <testcase name="sum" time="0.001" classname="practice_package.DataProviderPrac"/>
  <system-out/>
  <testcase name="testlength" time="0.001" classname="practice_package.DataProviderPrac"/>
  <system-out/>
  <testcase name="testlength" time="0.001" classname="practice_package.DataProviderPrac"/>
  <system-out/>
  <testcase name="testlength" time="0.000" classname="practice_package.DataProviderPrac"/>
  <system-out/>
  <testcase name="sum" time="0.001" classname="practice_package.DataProviderPrac"/>
  <system-out/>
  <testcase name="sum" time="0.012" classname="practice_package.DataProviderPrac"/>
  <system-out/>
</testsuite> <!-- practice_package.DataProviderPrac -->
