<?xml version="1.0" encoding="UTF-8"?>
<!-- Generated by org.testng.reporters.JUnitReportReporter -->
<testsuite skipped="0" hostname="DESKTOP-QUK0TPO" name="practice_package.DataProviderDemo" tests="3" failures="0" timestamp="2023-01-06T17:11:18 IST" time="0.009" errors="0">
  <testcase name="travel" time="0.001" classname="practice_package.DataProviderDemo"/>
  <system-out/>
  <testcase name="travel" time="0.007" classname="practice_package.DataProviderDemo"/>
  <system-out/>
  <testcase name="travel" time="0.001" classname="practice_package.DataProviderDemo"/>
  <system-out/>
</testsuite> <!-- practice_package.DataProviderDemo -->
