<?xml version="1.0" encoding="UTF-8"?>
<!-- Generated by org.testng.reporters.JUnitReportReporter -->
<testsuite skipped="0" hostname="DESKTOP-QUK0TPO" name="practice_package.GroupTesting" tests="3" failures="0" timestamp="2023-01-16T03:53:10 IST" time="0.011" errors="0">
  <testcase name="Test03" time="0.001" classname="practice_package.GroupTesting"/>
  <system-out>
    <![CDATA[I m In Test-03)]]>
  </system-out>
  <testcase name="Test02" time="0.010" classname="practice_package.GroupTesting"/>
  <system-out>
    <![CDATA[I m In Test-02)]]>
  </system-out>
  <testcase name="Test04" time="0.000" classname="practice_package.GroupTesting"/>
  <system-out>
    <![CDATA[I m In Test-04)]]>
  </system-out>
</testsuite> <!-- practice_package.GroupTesting -->
