<?xml version="1.0" encoding="UTF-8"?>
<!-- Generated by org.testng.reporters.JUnitReportReporter -->
<testsuite skipped="0" hostname="DESKTOP-QUK0TPO" name="practice_package.TestDataProvider05" tests="3" failures="0" timestamp="2023-01-08T14:22:41 IST" time="5.182" errors="0">
  <testcase name="signIn" time="1.851" classname="practice_package.TestDataProvider05"/>
  <system-out>
    <![CDATA[login]]>
  </system-out>
  <testcase name="signIn" time="1.704" classname="practice_package.TestDataProvider05"/>
  <system-out>
    <![CDATA[login]]>
  </system-out>
  <testcase name="signIn" time="1.627" classname="practice_package.TestDataProvider05"/>
  <system-out>
    <![CDATA[login]]>
  </system-out>
</testsuite> <!-- practice_package.TestDataProvider05 -->
